
=== Cache smoke test (chunks-mode retriever) ===

Building retriever + graph...
/Users/nidhirajani/Desktop/sokratic-lm/.venv/lib/python3.11/site-packages/qdrant_client/qdrant_remote.py:280: UserWarning: Qdrant client version 1.17.1 is incompatible with server version 1.13.4. Major versions should match and minor version difference must not exceed 1. Set check_compatibility=False to skip version check.
  show_warning(
en_core_sci_sm model not available — UMLSAdapter degrading to noop: [E050] Can't find model 'en_core_sci_sm'. It doesn't seem to be a Python package or a valid path to a data directory.
/Users/nidhirajani/Desktop/sokratic-lm/.venv/lib/python3.11/site-packages/qdrant_client/qdrant_remote.py:280: UserWarning: Qdrant client version 1.17.1 is incompatible with server version 1.13.4. Major versions should match and minor version difference must not exceed 1. Set check_compatibility=False to skip version check.
  show_warning(
/Users/nidhirajani/Desktop/sokratic-lm/.venv/lib/python3.11/site-packages/qdrant_client/qdrant_remote.py:280: UserWarning: Qdrant client version 1.17.1 is incompatible with server version 1.13.4. Major versions should match and minor version difference must not exceed 1. Set check_compatibility=False to skip version check.
  show_warning(
Tool definitions saved to data/artifacts/tool_definitions.json
Graph built. Starting 3-turn conversation...


--- Turn 0: rapport ---
  [api call # 1] input=  440  cache_read=    0  cache_write=    0  output=43

--- Turn 1: topic_input ---
  [api call # 2] input= 1229  cache_read=    0  cache_write=    0  output=77
  [retriever] loaded 7574 chunks for window expansion from data/processed/chunks_openstax_anatomy.jsonl
  [api call # 3] input= 2840  cache_read=    0  cache_write= 3175  output=116
  [api call # 4] input=  247  cache_read=    0  cache_write= 3104  output=135
  [api call # 5] input=  609  cache_read=    0  cache_write=    0  output=79
  [api call # 6] input=  567  cache_read=    0  cache_write=    0  output=69

--- Turn 2: tutoring_1 ---
  [api call # 7] input=  169  cache_read=    0  cache_write=    0  output=43
  [api call # 8] input=  394  cache_read=    0  cache_write= 3302  output=110
  [api call # 9] input= 1052  cache_read=    0  cache_write=    0  output=64
  [api call #10] input=  731  cache_read=    0  cache_write=    0  output=68
  [api call #11] input=  753  cache_read=    0  cache_write=    0  output=84
  [api call #12] input=  743  cache_read=    0  cache_write= 3447  output=81
  [api call #13] input=  766  cache_read=    0  cache_write= 3164  output=36

--- Turn 3: tutoring_2 ---
  [api call #14] input=  202  cache_read=    0  cache_write=    0  output=49
  [api call #15] input=  658  cache_read= 3302  cache_write=    0  output=116
  [api call #16] input= 1322  cache_read=    0  cache_write=    0  output=53
  [api call #17] input=  869  cache_read=    0  cache_write=    0  output=72
  [api call #18] input= 1017  cache_read=    0  cache_write=    0  output=93
  [api call #19] input= 1013  cache_read= 3447  cache_write=    0  output=85
  [api call #20] input= 1040  cache_read= 3164  cache_write=    0  output=41

======================================================================
CACHE SUMMARY
======================================================================

Total API calls: 20
Total uncached input tokens: 16661
Total cache_read_input_tokens (savings):  9913
Total cache_creation_input_tokens (writes): 16192

Per-turn breakdown:
  rapport        ( 1 calls): input=   440 cache_read=     0 cache_write=     0
  topic_input    ( 5 calls): input=  5492 cache_read=     0 cache_write=  6279
  tutoring_1     ( 7 calls): input=  4608 cache_read=     0 cache_write=  9913
  tutoring_2     ( 7 calls): input=  6121 cache_read=  9913 cache_write=     0

======================================================================
✅ cache_read > 0 (9913 tokens, 37.3% of input).
======================================================================
